<?xml version="1.0" encoding="UTF-8"?>
<!-- Generated by org.testng.reporters.JUnitReportReporter -->
<testsuite hostname="SKRISHNA-E6430" name="com.automation.framework.runners.CukesTest" tests="1" failures="0" timestamp="23 Mar 2016 13:29:26 GMT" time="0.025" errors="0">
  <testcase name="feature" time="0.025" classname="com.automation.framework.runners.CukesTest"/>
</testsuite> <!-- com.automation.framework.runners.CukesTest -->
